Arguments: 
  E:\nodejs\node.exe E:\nodejs\node_global\node_modules\yarn\bin\yarn.js add babel-plugin-import

PATH: 
  C:\Windows\system32;C:\Windows;C:\Windows\System32\Wbem;C:\Windows\System32\WindowsPowerShell\v1.0\;C:\Windows\System32\OpenSSH\;E:\nodejs\node_global;E:\nodejs\;C:\Program Files\Git\cmd;C:\Users\sml33\AppData\Local\Microsoft\WindowsApps;D:\Microsoft VS Code\bin;E:\nodejs\node_global;C:\Users\sml33\AppData\Roaming\npm

Yarn version: 
  1.19.1

Node version: 
  12.13.0

Platform: 
  win32 x64

Trace: 
  Error: ENOENT: no such file or directory, copyfile 'C:\Users\sml33\AppData\Local\Yarn\Cache\v6\npm-regjsgen-0.5.1-48f0bf1a5ea205196929c0d9798b42d1ed98443c-integrity\node_modules\regjsgen\package.json' -> 'C:\Users\sml33\dva-quick\node_modules\@babel\helper-create-regexp-features-plugin\node_modules\regjsgen\package.json'

npm manifest: 
  {
    "private": true,
    "scripts": {
      "start": "roadhog server",
      "build": "roadhog build",
      "lint": "eslint --ext .js src test",
      "precommit": "npm run lint"
    },
    "dependencies": {
      "antd": "^3.25.1",
      "dva": "^2.4.1",
      "react": "^16.2.0",
      "react-dom": "^16.2.0"
    },
    "devDependencies": {
      "babel-plugin-dva-hmr": "^0.3.2",
      "eslint": "^4.14.0",
      "eslint-config-umi": "^0.1.1",
      "eslint-plugin-flowtype": "^2.34.1",
      "eslint-plugin-import": "^2.6.0",
      "eslint-plugin-jsx-a11y": "^5.1.1",
      "eslint-plugin-react": "^7.1.0",
      "husky": "^0.12.0",
      "redbox-react": "^1.4.3",
      "roadhog": "^2.5.0-beta.4"
    }
  }

yarn manifest: 
  No manifest

Lockfile: 
  No lockfile
